# JRE version: OpenJDK Runtime Environment (17.0+35) (build 17+35-2724)
# Java VM: OpenJDK 64-Bit Server VM (17+35-2724, mixed mode, sharing, tiered, compressed oops, compressed class ptrs, g1 gc, windows-amd64)
GC Precious Log:
 CPUs: 8 total, 8 available
 Memory: 8059M
 Large Page Support: Disabled
 NUMA Support: Disabled
 Compressed Oops: Enabled (32-bit)
 Heap Region Size: 1M
 Heap Min Capacity: 8M
 Heap Initial Capacity: 126M
 Heap Max Capacity: 2G
 Pre-touch: Disabled
 Parallel Workers: 8
 Concurrent Workers: 2
 Concurrent Refinement Workers: 8
 Periodic GC: Disabled
Heap:
 garbage-first heap   total 81920K, used 50187K [0x0000000080000000, 0x0000000100000000)
  region size 1024K, 18 young (18432K), 3 survivors (3072K)
 Metaspace       used 40290K, committed 40704K, reserved 1089536K
  class space    used 5578K, committed 5760K, reserved 1048576K
GC Heap History (18 events):
Event: 3.305 GC heap before
{Heap before GC invocations=0 (full 0):
 garbage-first heap   total 129024K, used 26624K [0x0000000080000000, 0x0000000100000000)
  region size 1024K, 23 young (23552K), 0 survivors (0K)
 Metaspace       used 3009K, committed 3136K, reserved 1056768K
  class space    used 380K, committed 448K, reserved 1048576K
}
Event: 3.386 GC heap after
{Heap after GC invocations=1 (full 0):
 garbage-first heap   total 129024K, used 10480K [0x0000000080000000, 0x0000000100000000)
  region size 1024K, 3 young (3072K), 3 survivors (3072K)
 Metaspace       used 3009K, committed 3136K, reserved 1056768K
  class space    used 380K, committed 448K, reserved 1048576K
}
Event: 5.376 GC heap before
{Heap before GC invocations=1 (full 0):
 garbage-first heap   total 129024K, used 37104K [0x0000000080000000, 0x0000000100000000)
  region size 1024K, 29 young (29696K), 3 survivors (3072K)
 Metaspace       used 3901K, committed 4096K, reserved 1056768K
  class space    used 476K, committed 576K, reserved 1048576K
}
Event: 5.380 GC heap after
{Heap after GC invocations=2 (full 0):
 garbage-first heap   total 129024K, used 11015K [0x0000000080000000, 0x0000000100000000)
  region size 1024K, 1 young (1024K), 1 survivors (1024K)
 Metaspace       used 3901K, committed 4096K, reserved 1056768K
  class space    used 476K, committed 576K, reserved 1048576K
}
Event: 11.072 GC heap before
{Heap before GC invocations=2 (full 0):
 garbage-first heap   total 129024K, used 87815K [0x0000000080000000, 0x0000000100000000)
  region size 1024K, 75 young (76800K), 1 survivors (1024K)
 Metaspace       used 16020K, committed 16384K, reserved 1064960K
  class space    used 2329K, committed 2496K, reserved 1048576K
}
Event: 11.087 GC heap after
{Heap after GC invocations=3 (full 0):
 garbage-first heap   total 129024K, used 19726K [0x0000000080000000, 0x0000000100000000)
  region size 1024K, 10 young (10240K), 10 survivors (10240K)
 Metaspace       used 16020K, committed 16384K, reserved 1064960K
  class space    used 2329K, committed 2496K, reserved 1048576K
}
Event: 12.121 GC heap before
{Heap before GC invocations=3 (full 0):
 garbage-first heap   total 129024K, used 55566K [0x0000000080000000, 0x0000000100000000)
  region size 1024K, 46 young (47104K), 10 survivors (10240K)
 Metaspace       used 21155K, committed 21504K, reserved 1073152K
  class space    used 3153K, committed 3264K, reserved 1048576K
}
Event: 12.132 GC heap after
{Heap after GC invocations=4 (full 0):
 garbage-first heap   total 129024K, used 22457K [0x0000000080000000, 0x0000000100000000)
  region size 1024K, 3 young (3072K), 3 survivors (3072K)
 Metaspace       used 21155K, committed 21504K, reserved 1073152K
  class space    used 3153K, committed 3264K, reserved 1048576K
}
Event: 13.905 GC heap before
{Heap before GC invocations=5 (full 0):
 garbage-first heap   total 81920K, used 67513K [0x0000000080000000, 0x0000000100000000)
  region size 1024K, 48 young (49152K), 3 survivors (3072K)
 Metaspace       used 29974K, committed 30336K, reserved 1081344K
  class space    used 4237K, committed 4416K, reserved 1048576K
}
Event: 13.914 GC heap after
{Heap after GC invocations=6 (full 0):
 garbage-first heap   total 81920K, used 27329K [0x0000000080000000, 0x0000000100000000)
  region size 1024K, 6 young (6144K), 6 survivors (6144K)
 Metaspace       used 29974K, committed 30336K, reserved 1081344K
  class space    used 4237K, committed 4416K, reserved 1048576K
}
Event: 13.918 GC heap before
{Heap before GC invocations=6 (full 0):
 garbage-first heap   total 81920K, used 28353K [0x0000000080000000, 0x0000000100000000)
  region size 1024K, 7 young (7168K), 6 survivors (6144K)
 Metaspace       used 29975K, committed 30336K, reserved 1081344K
  class space    used 4237K, committed 4416K, reserved 1048576K
}
Event: 13.926 GC heap after
{Heap after GC invocations=7 (full 0):
 garbage-first heap   total 81920K, used 28022K [0x0000000080000000, 0x0000000100000000)
  region size 1024K, 1 young (1024K), 1 survivors (1024K)
 Metaspace       used 29975K, committed 30336K, reserved 1081344K
  class space    used 4237K, committed 4416K, reserved 1048576K
}
Event: 14.566 GC heap before
{Heap before GC invocations=7 (full 0):
 garbage-first heap   total 81920K, used 62838K [0x0000000080000000, 0x0000000100000000)
  region size 1024K, 33 young (33792K), 1 survivors (1024K)
 Metaspace       used 32112K, committed 32512K, reserved 1081344K
  class space    used 4436K, committed 4608K, reserved 1048576K
}
Event: 14.579 GC heap after
{Heap after GC invocations=8 (full 0):
 garbage-first heap   total 81920K, used 31353K [0x0000000080000000, 0x0000000100000000)
  region size 1024K, 4 young (4096K), 4 survivors (4096K)
 Metaspace       used 32112K, committed 32512K, reserved 1081344K
  class space    used 4436K, committed 4608K, reserved 1048576K
}
Event: 15.754 GC heap before
{Heap before GC invocations=8 (full 0):
 garbage-first heap   total 81920K, used 60025K [0x0000000080000000, 0x0000000100000000)
  region size 1024K, 33 young (33792K), 4 survivors (4096K)
 Metaspace       used 35606K, committed 35968K, reserved 1081344K
  class space    used 4945K, committed 5120K, reserved 1048576K
}
Event: 15.760 GC heap after
{Heap after GC invocations=9 (full 0):
 garbage-first heap   total 81920K, used 34733K [0x0000000080000000, 0x0000000100000000)
  region size 1024K, 3 young (3072K), 3 survivors (3072K)
 Metaspace       used 35606K, committed 35968K, reserved 1081344K
  class space    used 4945K, committed 5120K, reserved 1048576K
}
Event: 18.386 GC heap before
{Heap before GC invocations=10 (full 0):
 garbage-first heap   total 81920K, used 61357K [0x0000000080000000, 0x0000000100000000)
  region size 1024K, 30 young (30720K), 3 survivors (3072K)
 Metaspace       used 38937K, committed 39360K, reserved 1089536K
  class space    used 5384K, committed 5568K, reserved 1048576K
}
Event: 18.390 GC heap after
{Heap after GC invocations=11 (full 0):
 garbage-first heap   total 81920K, used 35851K [0x0000000080000000, 0x0000000100000000)
  region size 1024K, 3 young (3072K), 3 survivors (3072K)
 Metaspace       used 38937K, committed 39360K, reserved 1089536K
  class space    used 5384K, committed 5568K, reserved 1048576K
}

